nohup: 입력 무시
Checking PostgreSQL...
PostgreSQL is already running.
Waiting for PostgreSQL...
Creating PostgreSQL role if not exists...
Creating PostgreSQL database if not exists...
Initializing database...
psql:/app/db/init.sql:1: NOTICE:  extension "vector" already exists, skipping
CREATE EXTENSION
psql:/app/db/init.sql:8: NOTICE:  relation "documents" already exists, skipping
CREATE TABLE
Stopping existing backend/frontend processes if any...
Starting FastAPI backend...
Starting React frontend...
INFO:     Will watch for changes in these directories: ['/app/backend']

> frontend@0.0.0 dev
> vite --host 0.0.0.0 --port 5173

INFO:     Uvicorn running on http://0.0.0.0:8000 (Press CTRL+C to quit)
INFO:     Started reloader process [3421] using WatchFiles

  VITE v8.0.16  ready in 273 ms

  ➜  Local:   http://localhost:5173/
  ➜  Network: http://172.17.0.2:5173/
INFO:     Started server process [3512]
INFO:     Waiting for application startup.
INFO:     Application startup complete.
INFO:     172.17.0.1:60508 - "GET / HTTP/1.1" 200 OK
INFO:     172.17.0.1:60508 - "GET / HTTP/1.1" 200 OK
INFO:     172.17.0.1:60508 - "GET / HTTP/1.1" 200 OK
Stopping backend/frontend processes...
INFO:     Shutting down
INFO:     Waiting for application shutdown.
INFO:     Application shutdown complete.
INFO:     Finished server process [3512]
INFO:     Stopping reloader process [3421]
